TN:
SF:C:/Users/HP/Desktop/maintenance-tracker/server/app.js
FN:24,(anonymous_1)
FNF:1
FNH:1
FNDA:1,(anonymous_1)
DA:2,1
DA:4,1
DA:6,1
DA:8,1
DA:9,1
DA:12,1
DA:14,1
DA:16,1
DA:20,1
DA:22,1
DA:24,1
DA:25,1
LF:12
LH:12
BRDA:20,0,0,1
BRDA:20,0,1,1
BRF:2
BRH:2
end_of_record
TN:
SF:C:/Users/HP/Desktop/maintenance-tracker/server/controller/requestController.js
FN:9,(anonymous_1)
FN:22,(anonymous_2)
FN:26,(anonymous_3)
FN:26,(anonymous_4)
FN:29,(anonymous_5)
FN:30,(anonymous_6)
FN:37,(anonymous_7)
FN:42,(anonymous_8)
FN:43,(anonymous_9)
FN:43,(anonymous_10)
FN:48,(anonymous_11)
FN:51,(anonymous_12)
FN:52,(anonymous_13)
FN:52,(anonymous_14)
FN:56,(anonymous_15)
FN:70,(anonymous_16)
FN:73,(anonymous_17)
FN:73,(anonymous_18)
FN:76,(anonymous_19)
FN:82,(anonymous_20)
FN:86,(anonymous_21)
FN:86,(anonymous_22)
FN:89,(anonymous_23)
FN:95,(anonymous_24)
FN:99,(anonymous_25)
FN:99,(anonymous_26)
FN:102,(anonymous_27)
FN:108,(anonymous_28)
FN:112,(anonymous_29)
FN:112,(anonymous_30)
FN:116,(anonymous_31)
FN:122,(anonymous_32)
FN:123,(anonymous_33)
FN:123,(anonymous_34)
FN:127,(anonymous_35)
FN:133,(anonymous_36)
FN:137,(anonymous_37)
FN:137,(anonymous_38)
FN:142,validateUserInput
FNF:39
FNH:0
FNDA:0,(anonymous_1)
FNDA:0,(anonymous_2)
FNDA:0,(anonymous_3)
FNDA:0,(anonymous_4)
FNDA:0,(anonymous_5)
FNDA:0,(anonymous_6)
FNDA:0,(anonymous_7)
FNDA:0,(anonymous_8)
FNDA:0,(anonymous_9)
FNDA:0,(anonymous_10)
FNDA:0,(anonymous_11)
FNDA:0,(anonymous_12)
FNDA:0,(anonymous_13)
FNDA:0,(anonymous_14)
FNDA:0,(anonymous_15)
FNDA:0,(anonymous_16)
FNDA:0,(anonymous_17)
FNDA:0,(anonymous_18)
FNDA:0,(anonymous_19)
FNDA:0,(anonymous_20)
FNDA:0,(anonymous_21)
FNDA:0,(anonymous_22)
FNDA:0,(anonymous_23)
FNDA:0,(anonymous_24)
FNDA:0,(anonymous_25)
FNDA:0,(anonymous_26)
FNDA:0,(anonymous_27)
FNDA:0,(anonymous_28)
FNDA:0,(anonymous_29)
FNDA:0,(anonymous_30)
FNDA:0,(anonymous_31)
FNDA:0,(anonymous_32)
FNDA:0,(anonymous_33)
FNDA:0,(anonymous_34)
FNDA:0,(anonymous_35)
FNDA:0,(anonymous_36)
FNDA:0,(anonymous_37)
FNDA:0,(anonymous_38)
FNDA:0,validateUserInput
DA:1,1
DA:3,1
DA:4,1
DA:9,1
DA:10,0
DA:11,0
DA:13,0
DA:14,0
DA:15,0
DA:18,0
DA:19,0
DA:21,0
DA:22,0
DA:26,0
DA:29,1
DA:30,0
DA:31,0
DA:32,0
DA:37,1
DA:38,0
DA:39,0
DA:41,0
DA:42,0
DA:43,0
DA:48,1
DA:50,0
DA:51,0
DA:52,0
DA:56,1
DA:57,0
DA:59,0
DA:61,0
DA:62,0
DA:63,0
DA:66,0
DA:67,0
DA:69,0
DA:70,0
DA:73,0
DA:76,1
DA:77,0
DA:78,0
DA:79,0
DA:81,0
DA:82,0
DA:86,0
DA:89,1
DA:90,0
DA:91,0
DA:92,0
DA:94,0
DA:95,0
DA:99,0
DA:102,1
DA:103,0
DA:104,0
DA:105,0
DA:107,0
DA:108,0
DA:112,0
DA:116,1
DA:118,0
DA:119,0
DA:121,0
DA:122,0
DA:123,0
DA:127,1
DA:128,0
DA:129,0
DA:130,0
DA:132,0
DA:133,0
DA:137,0
DA:142,1
DA:143,0
DA:144,0
DA:145,0
LF:77
LH:14
BRDA:13,0,0,0
BRDA:13,0,1,0
BRDA:61,1,0,0
BRDA:61,1,1,0
BRDA:144,2,0,0
BRDA:144,2,1,0
BRF:6
BRH:0
end_of_record
TN:
SF:C:/Users/HP/Desktop/maintenance-tracker/server/controller/userController.js
FN:9,(anonymous_1)
FN:20,(anonymous_2)
FN:34,(anonymous_3)
FN:45,(anonymous_4)
FN:53,(anonymous_5)
FN:72,(anonymous_6)
FN:80,validateUserInput
FNF:7
FNH:0
FNDA:0,(anonymous_1)
FNDA:0,(anonymous_2)
FNDA:0,(anonymous_3)
FNDA:0,(anonymous_4)
FNDA:0,(anonymous_5)
FNDA:0,(anonymous_6)
FNDA:0,validateUserInput
DA:1,1
DA:2,1
DA:4,1
DA:5,1
DA:6,1
DA:9,1
DA:11,0
DA:13,0
DA:14,0
DA:17,0
DA:18,0
DA:19,0
DA:22,0
DA:23,0
DA:35,0
DA:36,0
DA:45,1
DA:47,0
DA:49,0
DA:50,0
DA:52,0
DA:54,0
DA:55,0
DA:56,0
DA:61,0
DA:62,0
DA:73,0
DA:74,0
DA:80,1
DA:81,0
DA:82,0
DA:83,0
LF:32
LH:8
BRDA:55,0,0,0
BRDA:55,0,1,0
BRDA:55,1,0,0
BRDA:55,1,1,0
BRDA:82,2,0,0
BRDA:82,2,1,0
BRF:6
BRH:0
end_of_record
TN:
SF:C:/Users/HP/Desktop/maintenance-tracker/server/database/config.js
FNF:0
FNH:0
DA:1,1
DA:2,1
DA:4,1
DA:5,1
DA:8,1
LF:5
LH:5
BRDA:4,0,0,1
BRDA:4,0,1,0
BRF:2
BRH:1
end_of_record
TN:
SF:C:/Users/HP/Desktop/maintenance-tracker/server/helpers/auth.js
FN:4,generateToken
FN:11,verifyToken
FN:13,validatePassword
FNF:3
FNH:0
FNDA:0,generateToken
FNDA:0,verifyToken
FNDA:0,validatePassword
DA:1,1
DA:2,1
DA:4,1
DA:5,0
DA:6,0
DA:8,0
DA:11,1
DA:13,1
DA:14,0
LF:9
LH:5
BRF:0
BRH:0
end_of_record
TN:
SF:C:/Users/HP/Desktop/maintenance-tracker/server/middleware/auth.js
FN:15,(anonymous_2)
FN:24,(anonymous_3)
FN:34,(anonymous_4)
FNF:3
FNH:0
FNDA:0,(anonymous_2)
FNDA:0,(anonymous_3)
FNDA:0,(anonymous_4)
DA:1,1
DA:2,1
DA:4,1
DA:7,0
DA:9,0
DA:10,0
DA:15,0
DA:16,0
DA:17,0
DA:18,0
DA:23,0
DA:25,0
DA:26,0
DA:27,0
DA:31,0
DA:32,0
DA:35,0
LF:17
LH:3
BRDA:9,0,0,0
BRDA:9,0,1,0
BRDA:16,1,0,0
BRDA:16,1,1,0
BRDA:26,2,0,0
BRDA:26,2,1,0
BRF:6
BRH:0
end_of_record
TN:
SF:C:/Users/HP/Desktop/maintenance-tracker/server/middleware/checkEmail.js
FN:3,isEmailUnique
FN:5,(anonymous_2)
FN:14,(anonymous_3)
FN:14,(anonymous_4)
FNF:4
FNH:0
FNDA:0,isEmailUnique
FNDA:0,(anonymous_2)
FNDA:0,(anonymous_3)
FNDA:0,(anonymous_4)
DA:1,1
DA:3,1
DA:4,0
DA:6,0
DA:7,0
DA:8,0
DA:12,0
DA:14,0
LF:8
LH:2
BRDA:7,0,0,0
BRDA:7,0,1,0
BRF:2
BRH:0
end_of_record
TN:
SF:C:/Users/HP/Desktop/maintenance-tracker/server/middleware/userAdmin.js
FN:3,checkForAdmin
FN:5,(anonymous_2)
FN:14,(anonymous_3)
FN:14,(anonymous_4)
FNF:4
FNH:0
FNDA:0,checkForAdmin
FNDA:0,(anonymous_2)
FNDA:0,(anonymous_3)
FNDA:0,(anonymous_4)
DA:1,1
DA:3,1
DA:4,0
DA:6,0
DA:7,0
DA:8,0
DA:12,0
DA:14,0
LF:8
LH:2
BRDA:7,0,0,0
BRDA:7,0,1,0
BRF:2
BRH:0
end_of_record
TN:
SF:C:/Users/HP/Desktop/maintenance-tracker/server/model/request.js
FN:4,requestModel
FNF:1
FNH:0
FNDA:0,requestModel
DA:1,1
DA:4,1
DA:5,0
DA:11,0
LF:4
LH:2
BRF:0
BRH:0
end_of_record
TN:
SF:C:/Users/HP/Desktop/maintenance-tracker/server/model/user.js
FN:1,validUser
FNF:1
FNH:0
FNDA:0,validUser
DA:1,1
DA:3,0
DA:4,0
DA:5,0
LF:4
LH:1
BRDA:3,0,0,0
BRDA:3,0,1,0
BRDA:3,0,2,0
BRDA:3,0,3,0
BRDA:4,1,0,0
BRDA:4,1,1,0
BRDA:4,1,2,0
BRDA:5,2,0,0
BRDA:5,2,1,0
BRF:9
BRH:0
end_of_record
TN:
SF:C:/Users/HP/Desktop/maintenance-tracker/server/routes/dbroutes.js
FNF:0
FNH:0
DA:3,1
DA:4,1
DA:6,1
DA:7,1
DA:8,1
DA:9,1
DA:10,1
DA:14,1
DA:16,1
DA:19,1
DA:21,1
DA:23,1
DA:25,1
DA:28,1
DA:30,1
DA:32,1
DA:34,1
LF:17
LH:17
BRF:0
BRH:0
end_of_record
TN:
SF:C:/Users/HP/Desktop/maintenance-tracker/server/tests/testfile.js
FN:7,(anonymous_1)
FN:8,(anonymous_2)
FN:16,(anonymous_3)
FN:21,(anonymous_4)
FN:28,(anonymous_5)
FN:40,(anonymous_6)
FN:52,(anonymous_7)
FN:53,(anonymous_8)
FN:61,(anonymous_9)
FN:65,(anonymous_10)
FN:72,(anonymous_11)
FN:80,(anonymous_12)
FNF:12
FNH:10
FNDA:1,(anonymous_1)
FNDA:1,(anonymous_2)
FNDA:0,(anonymous_3)
FNDA:1,(anonymous_4)
FNDA:1,(anonymous_5)
FNDA:1,(anonymous_6)
FNDA:1,(anonymous_7)
FNDA:1,(anonymous_8)
FNDA:0,(anonymous_9)
FNDA:1,(anonymous_10)
FNDA:1,(anonymous_11)
FNDA:1,(anonymous_12)
DA:3,1
DA:4,1
DA:5,1
DA:8,1
DA:9,1
DA:10,1
DA:12,1
DA:17,0
DA:18,0
DA:19,0
DA:22,1
DA:23,1
DA:28,1
DA:29,1
DA:40,1
DA:41,1
DA:52,1
DA:53,1
DA:54,1
DA:55,1
DA:57,1
DA:62,0
DA:66,1
DA:67,1
DA:72,1
DA:73,1
DA:81,1
LF:27
LH:23
BRDA:22,0,0,1
BRDA:22,0,1,0
BRDA:66,1,0,1
BRDA:66,1,1,0
BRF:4
BRH:2
end_of_record
